0 info it worked if it ends with ok
1 verbose cli [ 'C:\\Users\\Juha\\AppData\\Local\\.meteor\\packages\\meteor-tool\\1.4.1_2\\mt-os.windows.x86_32\\dev_bundle\\bin\\node.exe',
1 verbose cli   'C:\\Users\\Juha\\AppData\\Local\\.meteor\\packages\\meteor-tool\\1.4.1_2\\mt-os.windows.x86_32\\dev_bundle\\lib\\node_modules\\npm\\bin\\npm-cli.js',
1 verbose cli   'install',
1 verbose cli   '--save',
1 verbose cli   'bcrypt' ]
2 info using npm@3.10.8
3 info using node@v4.6.0
4 silly loadCurrentTree Starting
5 silly install loadCurrentTree
6 silly install readLocalPackageData
7 silly fetchPackageMetaData bcrypt@^0.8.7
8 silly fetchNamedPackageData bcrypt
9 silly mapToRegistry name bcrypt
10 silly mapToRegistry using default registry
11 silly mapToRegistry registry https://registry.npmjs.org/
12 silly mapToRegistry data Result {
12 silly mapToRegistry   raw: 'bcrypt',
12 silly mapToRegistry   scope: null,
12 silly mapToRegistry   escapedName: 'bcrypt',
12 silly mapToRegistry   name: 'bcrypt',
12 silly mapToRegistry   rawSpec: '',
12 silly mapToRegistry   spec: 'latest',
12 silly mapToRegistry   type: 'tag' }
13 silly mapToRegistry uri https://registry.npmjs.org/bcrypt
14 verbose request uri https://registry.npmjs.org/bcrypt
15 verbose request no auth needed
16 info attempt registry request try #1 at 17:30:32
17 verbose request id 02ac266407a7d6ac
18 verbose etag "2W7CTWO1ETKY4R5XARYMM9SFN"
19 http request GET https://registry.npmjs.org/bcrypt
20 http 200 https://registry.npmjs.org/bcrypt
21 verbose headers { server: 'CouchDB/1.5.0 (Erlang OTP/R16B03)',
21 verbose headers   etag: '"C732ZMNYAG6GBU1DOLULG793M"',
21 verbose headers   'content-type': 'application/json',
21 verbose headers   'content-encoding': 'gzip',
21 verbose headers   'cache-control': 'max-age=300',
21 verbose headers   'content-length': '11923',
21 verbose headers   'accept-ranges': 'bytes',
21 verbose headers   date: 'Mon, 24 Oct 2016 14:30:31 GMT',
21 verbose headers   via: '1.1 varnish',
21 verbose headers   age: '228',
21 verbose headers   connection: 'keep-alive',
21 verbose headers   'x-served-by': 'cache-bma7026-BMA',
21 verbose headers   'x-cache': 'HIT',
21 verbose headers   'x-cache-hits': '1',
21 verbose headers   'x-timer': 'S1477319431.866745,VS0,VE0',
21 verbose headers   vary: 'Accept-Encoding' }
22 silly get cb [ 200,
22 silly get   { server: 'CouchDB/1.5.0 (Erlang OTP/R16B03)',
22 silly get     etag: '"C732ZMNYAG6GBU1DOLULG793M"',
22 silly get     'content-type': 'application/json',
22 silly get     'content-encoding': 'gzip',
22 silly get     'cache-control': 'max-age=300',
22 silly get     'content-length': '11923',
22 silly get     'accept-ranges': 'bytes',
22 silly get     date: 'Mon, 24 Oct 2016 14:30:31 GMT',
22 silly get     via: '1.1 varnish',
22 silly get     age: '228',
22 silly get     connection: 'keep-alive',
22 silly get     'x-served-by': 'cache-bma7026-BMA',
22 silly get     'x-cache': 'HIT',
22 silly get     'x-cache-hits': '1',
22 silly get     'x-timer': 'S1477319431.866745,VS0,VE0',
22 silly get     vary: 'Accept-Encoding' } ]
23 verbose get saving bcrypt to C:\Users\Juha\AppData\Roaming\npm-cache\registry.npmjs.org\bcrypt\.cache.json
24 verbose correctMkdir C:\Users\Juha\AppData\Roaming\npm-cache correctMkdir not in flight; initializing
25 silly install normalizeTree
26 silly loadCurrentTree Finishing
27 silly loadIdealTree Starting
28 silly install loadIdealTree
29 silly cloneCurrentTree Starting
30 silly install cloneCurrentTreeToIdealTree
31 silly cloneCurrentTree Finishing
32 silly loadShrinkwrap Starting
33 silly install loadShrinkwrap
34 silly loadShrinkwrap Finishing
35 silly loadAllDepsIntoIdealTree Starting
36 silly install loadAllDepsIntoIdealTree
37 silly resolveWithNewModule bcrypt@0.8.7 checking installable status
38 silly cache add args [ 'bcrypt@^0.8.7', null ]
39 verbose cache add spec bcrypt@^0.8.7
40 silly cache add parsed spec Result {
40 silly cache add   raw: 'bcrypt@^0.8.7',
40 silly cache add   scope: null,
40 silly cache add   escapedName: 'bcrypt',
40 silly cache add   name: 'bcrypt',
40 silly cache add   rawSpec: '^0.8.7',
40 silly cache add   spec: '>=0.8.7 <0.9.0',
40 silly cache add   type: 'range' }
41 silly addNamed bcrypt@>=0.8.7 <0.9.0
42 verbose addNamed ">=0.8.7 <0.9.0" is a valid semver range for bcrypt
43 silly addNameRange { name: 'bcrypt', range: '>=0.8.7 <0.9.0', hasData: false }
44 silly mapToRegistry name bcrypt
45 silly mapToRegistry using default registry
46 silly mapToRegistry registry https://registry.npmjs.org/
47 silly mapToRegistry data Result {
47 silly mapToRegistry   raw: 'bcrypt',
47 silly mapToRegistry   scope: null,
47 silly mapToRegistry   escapedName: 'bcrypt',
47 silly mapToRegistry   name: 'bcrypt',
47 silly mapToRegistry   rawSpec: '',
47 silly mapToRegistry   spec: 'latest',
47 silly mapToRegistry   type: 'tag' }
48 silly mapToRegistry uri https://registry.npmjs.org/bcrypt
49 verbose addNameRange registry:https://registry.npmjs.org/bcrypt not in flight; fetching
50 verbose get https://registry.npmjs.org/bcrypt not expired, no request
51 silly addNameRange number 2 { name: 'bcrypt', range: '>=0.8.7 <0.9.0', hasData: true }
52 silly addNameRange versions [ 'bcrypt',
52 silly addNameRange   [ '0.1.2',
52 silly addNameRange     '0.2.0',
52 silly addNameRange     '0.2.1',
52 silly addNameRange     '0.1.3',
52 silly addNameRange     '0.2.2',
52 silly addNameRange     '0.2.3',
52 silly addNameRange     '0.2.4',
52 silly addNameRange     '0.3.0',
52 silly addNameRange     '0.3.1',
52 silly addNameRange     '0.3.2',
52 silly addNameRange     '0.4.0',
52 silly addNameRange     '0.4.1',
52 silly addNameRange     '0.5.0',
52 silly addNameRange     '0.6.0',
52 silly addNameRange     '0.7.0',
52 silly addNameRange     '0.7.1',
52 silly addNameRange     '0.7.2',
52 silly addNameRange     '0.7.3',
52 silly addNameRange     '0.7.4',
52 silly addNameRange     '0.7.5',
52 silly addNameRange     '0.7.6',
52 silly addNameRange     '0.7.7',
52 silly addNameRange     '0.7.8',
52 silly addNameRange     '0.8.0',
52 silly addNameRange     '0.8.1',
52 silly addNameRange     '0.8.2',
52 silly addNameRange     '0.8.3',
52 silly addNameRange     '0.8.4',
52 silly addNameRange     '0.8.5',
52 silly addNameRange     '0.8.6',
52 silly addNameRange     '0.8.7' ] ]
53 silly addNamed bcrypt@0.8.7
54 verbose addNamed "0.8.7" is a plain semver version for bcrypt
55 silly cache afterAdd bcrypt@0.8.7
56 verbose afterAdd C:\Users\Juha\AppData\Roaming\npm-cache\bcrypt\0.8.7\package\package.json not in flight; writing
57 verbose correctMkdir C:\Users\Juha\AppData\Roaming\npm-cache correctMkdir not in flight; initializing
58 verbose afterAdd C:\Users\Juha\AppData\Roaming\npm-cache\bcrypt\0.8.7\package\package.json written
59 silly loadAllDepsIntoIdealTree Finishing
60 silly loadIdealTree Finishing
61 silly currentTree meteor-react-boilerplate@1.0.1
61 silly currentTree +-- acorn-globals@1.0.9
61 silly currentTree | `-- acorn@2.7.0
61 silly currentTree +-- acorn@0.11.0
61 silly currentTree +-- amdefine@1.0.0
61 silly currentTree +-- ansi-regex@2.0.0
61 silly currentTree +-- ansi-styles@2.2.1
61 silly currentTree +-- asap@2.0.5
61 silly currentTree +-- asn1@0.2.3
61 silly currentTree +-- assert-plus@0.2.0
61 silly currentTree +-- asynckit@0.4.0
61 silly currentTree +-- aws-sign2@0.6.0
61 silly currentTree +-- aws4@1.4.1
61 silly currentTree +-- babel-code-frame@6.16.0
61 silly currentTree | `-- js-tokens@2.0.0
61 silly currentTree +-- babel-generator@6.17.0
61 silly currentTree +-- babel-helper-function-name@6.8.0
61 silly currentTree +-- babel-helper-get-function-arity@6.8.0
61 silly currentTree +-- babel-helpers@6.16.0
61 silly currentTree +-- babel-messages@6.8.0
61 silly currentTree +-- babel-plugin-syntax-class-properties@6.13.0
61 silly currentTree +-- babel-plugin-transform-class-properties@6.16.0
61 silly currentTree +-- babel-register@6.16.3
61 silly currentTree | +-- babel-core@6.17.0
61 silly currentTree | `-- minimatch@3.0.3
61 silly currentTree +-- babel-runtime@6.11.6
61 silly currentTree | `-- core-js@2.4.1
61 silly currentTree +-- babel-template@6.16.0
61 silly currentTree +-- babel-traverse@6.16.0
61 silly currentTree +-- babel-types@6.16.0
61 silly currentTree +-- babylon@6.11.4
61 silly currentTree +-- balanced-match@0.4.2
61 silly currentTree +-- bcrypt-pbkdf@1.0.0
61 silly currentTree +-- bcrypt@0.8.7
61 silly currentTree +-- bindings@1.2.1
61 silly currentTree +-- bl@1.1.2
61 silly currentTree | `-- readable-stream@2.0.6
61 silly currentTree +-- blacklist@1.1.4
61 silly currentTree +-- block-elements@1.1.0
61 silly currentTree +-- boom@2.10.1
61 silly currentTree +-- brace-expansion@1.1.6
61 silly currentTree +-- browser-request@0.3.3
61 silly currentTree +-- buffer-shims@1.0.0
61 silly currentTree +-- caseless@0.11.0
61 silly currentTree +-- chalk@1.1.3
61 silly currentTree +-- classnames@2.2.5
61 silly currentTree +-- collapse-whitespace@1.1.2
61 silly currentTree +-- combined-stream@1.0.5
61 silly currentTree +-- commander@2.9.0
61 silly currentTree +-- component-classes@1.2.6
61 silly currentTree +-- component-indexof@0.0.3
61 silly currentTree +-- concat-map@0.0.1
61 silly currentTree +-- contextify@0.1.15
61 silly currentTree +-- convert-source-map@1.3.0
61 silly currentTree +-- core-js@2.4.1
61 silly currentTree +-- core-util-is@1.0.2
61 silly currentTree +-- cryptiles@2.0.5
61 silly currentTree +-- css-animation@1.3.0
61 silly currentTree +-- cssom@0.3.1
61 silly currentTree +-- cssstyle@0.2.37
61 silly currentTree +-- dashdash@1.14.0
61 silly currentTree | `-- assert-plus@1.0.0
61 silly currentTree +-- debug@2.2.0
61 silly currentTree +-- deep-equal@1.0.1
61 silly currentTree +-- deep-is@0.1.3
61 silly currentTree +-- delayed-stream@1.0.0
61 silly currentTree +-- detect-indent@3.0.1
61 silly currentTree +-- dom-serializer@0.1.0
61 silly currentTree | `-- domelementtype@1.1.3
61 silly currentTree +-- domelementtype@1.3.0
61 silly currentTree +-- domhandler@2.3.0
61 silly currentTree +-- domutils@1.5.1
61 silly currentTree +-- draft-convert@1.2.3
61 silly currentTree +-- draft-js-export-html@0.5.0
61 silly currentTree +-- draft-js-utils@0.1.6
61 silly currentTree +-- draft-js@0.9.1
61 silly currentTree | `-- immutable@3.7.6
61 silly currentTree +-- ecc-jsbn@0.1.1
61 silly currentTree +-- encoding@0.1.12
61 silly currentTree +-- entities@1.1.1
61 silly currentTree +-- escape-string-regexp@1.0.5
61 silly currentTree +-- escodegen@1.8.1
61 silly currentTree | `-- source-map@0.2.0
61 silly currentTree +-- esprima@2.7.3
61 silly currentTree +-- estraverse@1.9.3
61 silly currentTree +-- esutils@2.0.2
61 silly currentTree +-- exenv@1.2.1
61 silly currentTree +-- extend@3.0.0
61 silly currentTree +-- extsprintf@1.0.2
61 silly currentTree +-- fast-levenshtein@2.0.5
61 silly currentTree +-- fbjs@0.8.5
61 silly currentTree | `-- core-js@1.2.7
61 silly currentTree +-- forever-agent@0.6.1
61 silly currentTree +-- form-data@2.0.0
61 silly currentTree +-- generate-function@2.0.0
61 silly currentTree +-- generate-object-property@1.2.0
61 silly currentTree +-- get-stdin@4.0.1
61 silly currentTree +-- getpass@0.1.6
61 silly currentTree | `-- assert-plus@1.0.0
61 silly currentTree +-- globals@8.18.0
61 silly currentTree +-- graceful-readlink@1.0.1
61 silly currentTree +-- har-validator@2.0.6
61 silly currentTree +-- has-ansi@2.0.0
61 silly currentTree +-- hawk@3.1.3
61 silly currentTree +-- history@3.2.1
61 silly currentTree +-- hoek@2.16.3
61 silly currentTree +-- hoist-non-react-statics@1.2.0
61 silly currentTree +-- home-or-tmp@1.0.0
61 silly currentTree +-- htmlparser2@3.9.1
61 silly currentTree +-- http-signature@1.1.1
61 silly currentTree +-- iconv-lite@0.4.13
61 silly currentTree +-- immutable@3.8.1
61 silly currentTree +-- inherits@2.0.3
61 silly currentTree +-- invariant@2.2.1
61 silly currentTree +-- is-finite@1.0.2
61 silly currentTree +-- is-my-json-valid@2.15.0
61 silly currentTree +-- is-property@1.0.2
61 silly currentTree +-- is-stream@1.1.0
61 silly currentTree +-- is-typedarray@1.0.0
61 silly currentTree +-- isarray@1.0.0
61 silly currentTree +-- isomorphic-fetch@2.2.1
61 silly currentTree +-- isstream@0.1.2
61 silly currentTree +-- jodid25519@1.0.2
61 silly currentTree +-- js-tokens@2.0.0
61 silly currentTree +-- jsbn@0.1.0
61 silly currentTree +-- jsdom@3.1.2
61 silly currentTree +-- jsesc@1.3.0
61 silly currentTree +-- json-schema@0.2.3
61 silly currentTree +-- json-stringify-safe@5.0.1
61 silly currentTree +-- json5@0.4.0
61 silly currentTree +-- jsonpointer@4.0.0
61 silly currentTree +-- jsprim@1.3.1
61 silly currentTree +-- levn@0.3.0
61 silly currentTree +-- lodash-es@4.16.4
61 silly currentTree +-- lodash@4.16.2
61 silly currentTree +-- loose-envify@1.2.0
61 silly currentTree | `-- js-tokens@1.0.3
61 silly currentTree +-- medium-editor@5.22.1
61 silly currentTree +-- mime-db@1.24.0
61 silly currentTree +-- mime-types@2.1.12
61 silly currentTree +-- minimist@1.2.0
61 silly currentTree +-- mkdirp@0.5.1
61 silly currentTree | `-- minimist@0.0.8
61 silly currentTree +-- ms@0.7.1
61 silly currentTree +-- nan@2.3.5
61 silly currentTree +-- node-fetch@1.6.3
61 silly currentTree +-- node-uuid@1.4.7
61 silly currentTree +-- number-is-nan@1.0.1
61 silly currentTree +-- nwmatcher@1.3.8
61 silly currentTree +-- oauth-sign@0.8.2
61 silly currentTree +-- object-assign@4.1.0
61 silly currentTree +-- optionator@0.8.2
61 silly currentTree +-- os-tmpdir@1.0.2
61 silly currentTree +-- parse5@1.3.1
61 silly currentTree +-- path-exists@1.0.0
61 silly currentTree +-- path-is-absolute@1.0.1
61 silly currentTree +-- pinkie-promise@2.0.1
61 silly currentTree +-- pinkie@2.0.4
61 silly currentTree +-- prelude-ls@1.1.2
61 silly currentTree +-- private@0.1.6
61 silly currentTree +-- process-nextick-args@1.0.7
61 silly currentTree +-- promise@7.1.1
61 silly currentTree +-- qs@6.2.1
61 silly currentTree +-- query-string@4.2.3
61 silly currentTree +-- rc-animate@2.3.1
61 silly currentTree +-- rc-tabs@5.8.3
61 silly currentTree +-- react-addons-pure-render-mixin@15.3.2
61 silly currentTree +-- react-autosuggest@6.0.4
61 silly currentTree +-- react-autowhatever@5.4.0
61 silly currentTree +-- react-bootstrap-typeahead@0.9.4
61 silly currentTree +-- react-breadcrumbs@1.3.16
61 silly currentTree +-- react-dom@15.3.2
61 silly currentTree +-- react-highlighter@0.3.3
61 silly currentTree +-- react-input-autosize@1.1.0
61 silly currentTree +-- react-onclickoutside@5.7.0
61 silly currentTree +-- react-redux@4.4.5
61 silly currentTree +-- react-router@2.8.1
61 silly currentTree | +-- history@2.1.2
61 silly currentTree | | `-- warning@2.1.0
61 silly currentTree | `-- query-string@3.0.3
61 silly currentTree +-- react-themeable@1.1.0
61 silly currentTree | `-- object-assign@3.0.0
61 silly currentTree +-- react@15.3.2
61 silly currentTree +-- reactable@0.14.0
61 silly currentTree +-- readable-stream@2.1.5
61 silly currentTree +-- redux@3.6.0
61 silly currentTree +-- regenerator-runtime@0.9.5
61 silly currentTree +-- repeating@1.1.3
61 silly currentTree +-- request@2.75.0
61 silly currentTree +-- section-iterator@2.0.0
61 silly currentTree +-- shallow-equal@1.0.0
61 silly currentTree +-- shebang-regex@1.0.0
61 silly currentTree +-- slash@1.0.0
61 silly currentTree +-- sntp@1.0.9
61 silly currentTree +-- source-map-support@0.4.3
61 silly currentTree +-- source-map@0.5.6
61 silly currentTree +-- sshpk@1.10.1
61 silly currentTree | `-- assert-plus@1.0.0
61 silly currentTree +-- strict-uri-encode@1.1.0
61 silly currentTree +-- string_decoder@0.10.31
61 silly currentTree +-- stringstream@0.0.5
61 silly currentTree +-- strip-ansi@3.0.1
61 silly currentTree +-- supports-color@2.0.0
61 silly currentTree +-- symbol-observable@1.0.2
61 silly currentTree +-- to-fast-properties@1.0.2
61 silly currentTree +-- to-markdown@1.3.0
61 silly currentTree +-- tough-cookie@2.3.1
61 silly currentTree +-- tunnel-agent@0.4.3
61 silly currentTree +-- tweetnacl@0.14.3
61 silly currentTree +-- type-check@0.3.2
61 silly currentTree +-- ua-parser-js@0.7.10
61 silly currentTree +-- user-home@1.1.1
61 silly currentTree +-- util-deprecate@1.0.2
61 silly currentTree +-- verror@1.3.6
61 silly currentTree +-- void-elements@2.0.1
61 silly currentTree +-- warning@3.0.0
61 silly currentTree +-- whatwg-fetch@1.0.0
61 silly currentTree +-- wordwrap@1.0.0
61 silly currentTree +-- xml-name-validator@1.0.0
61 silly currentTree +-- xmlhttprequest@1.8.0
61 silly currentTree `-- xtend@4.0.1
62 silly idealTree meteor-react-boilerplate@1.0.1
62 silly idealTree +-- acorn-globals@1.0.9
62 silly idealTree | `-- acorn@2.7.0
62 silly idealTree +-- acorn@0.11.0
62 silly idealTree +-- amdefine@1.0.0
62 silly idealTree +-- ansi-regex@2.0.0
62 silly idealTree +-- ansi-styles@2.2.1
62 silly idealTree +-- asap@2.0.5
62 silly idealTree +-- asn1@0.2.3
62 silly idealTree +-- assert-plus@0.2.0
62 silly idealTree +-- asynckit@0.4.0
62 silly idealTree +-- aws-sign2@0.6.0
62 silly idealTree +-- aws4@1.4.1
62 silly idealTree +-- babel-code-frame@6.16.0
62 silly idealTree | `-- js-tokens@2.0.0
62 silly idealTree +-- babel-generator@6.17.0
62 silly idealTree +-- babel-helper-function-name@6.8.0
62 silly idealTree +-- babel-helper-get-function-arity@6.8.0
62 silly idealTree +-- babel-helpers@6.16.0
62 silly idealTree +-- babel-messages@6.8.0
62 silly idealTree +-- babel-plugin-syntax-class-properties@6.13.0
62 silly idealTree +-- babel-plugin-transform-class-properties@6.16.0
62 silly idealTree +-- babel-register@6.16.3
62 silly idealTree | +-- babel-core@6.17.0
62 silly idealTree | `-- minimatch@3.0.3
62 silly idealTree +-- babel-runtime@6.11.6
62 silly idealTree | `-- core-js@2.4.1
62 silly idealTree +-- babel-template@6.16.0
62 silly idealTree +-- babel-traverse@6.16.0
62 silly idealTree +-- babel-types@6.16.0
62 silly idealTree +-- babylon@6.11.4
62 silly idealTree +-- balanced-match@0.4.2
62 silly idealTree +-- bcrypt-pbkdf@1.0.0
62 silly idealTree +-- bcrypt@0.8.7
62 silly idealTree +-- bindings@1.2.1
62 silly idealTree +-- bl@1.1.2
62 silly idealTree | `-- readable-stream@2.0.6
62 silly idealTree +-- blacklist@1.1.4
62 silly idealTree +-- block-elements@1.1.0
62 silly idealTree +-- boom@2.10.1
62 silly idealTree +-- brace-expansion@1.1.6
62 silly idealTree +-- browser-request@0.3.3
62 silly idealTree +-- buffer-shims@1.0.0
62 silly idealTree +-- caseless@0.11.0
62 silly idealTree +-- chalk@1.1.3
62 silly idealTree +-- classnames@2.2.5
62 silly idealTree +-- collapse-whitespace@1.1.2
62 silly idealTree +-- combined-stream@1.0.5
62 silly idealTree +-- commander@2.9.0
62 silly idealTree +-- component-classes@1.2.6
62 silly idealTree +-- component-indexof@0.0.3
62 silly idealTree +-- concat-map@0.0.1
62 silly idealTree +-- contextify@0.1.15
62 silly idealTree +-- convert-source-map@1.3.0
62 silly idealTree +-- core-js@2.4.1
62 silly idealTree +-- core-util-is@1.0.2
62 silly idealTree +-- cryptiles@2.0.5
62 silly idealTree +-- css-animation@1.3.0
62 silly idealTree +-- cssom@0.3.1
62 silly idealTree +-- cssstyle@0.2.37
62 silly idealTree +-- dashdash@1.14.0
62 silly idealTree | `-- assert-plus@1.0.0
62 silly idealTree +-- debug@2.2.0
62 silly idealTree +-- deep-equal@1.0.1
62 silly idealTree +-- deep-is@0.1.3
62 silly idealTree +-- delayed-stream@1.0.0
62 silly idealTree +-- detect-indent@3.0.1
62 silly idealTree +-- dom-serializer@0.1.0
62 silly idealTree | `-- domelementtype@1.1.3
62 silly idealTree +-- domelementtype@1.3.0
62 silly idealTree +-- domhandler@2.3.0
62 silly idealTree +-- domutils@1.5.1
62 silly idealTree +-- draft-convert@1.2.3
62 silly idealTree +-- draft-js-export-html@0.5.0
62 silly idealTree +-- draft-js-utils@0.1.6
62 silly idealTree +-- draft-js@0.9.1
62 silly idealTree | `-- immutable@3.7.6
62 silly idealTree +-- ecc-jsbn@0.1.1
62 silly idealTree +-- encoding@0.1.12
62 silly idealTree +-- entities@1.1.1
62 silly idealTree +-- escape-string-regexp@1.0.5
62 silly idealTree +-- escodegen@1.8.1
62 silly idealTree | `-- source-map@0.2.0
62 silly idealTree +-- esprima@2.7.3
62 silly idealTree +-- estraverse@1.9.3
62 silly idealTree +-- esutils@2.0.2
62 silly idealTree +-- exenv@1.2.1
62 silly idealTree +-- extend@3.0.0
62 silly idealTree +-- extsprintf@1.0.2
62 silly idealTree +-- fast-levenshtein@2.0.5
62 silly idealTree +-- fbjs@0.8.5
62 silly idealTree | `-- core-js@1.2.7
62 silly idealTree +-- forever-agent@0.6.1
62 silly idealTree +-- form-data@2.0.0
62 silly idealTree +-- generate-function@2.0.0
62 silly idealTree +-- generate-object-property@1.2.0
62 silly idealTree +-- get-stdin@4.0.1
62 silly idealTree +-- getpass@0.1.6
62 silly idealTree | `-- assert-plus@1.0.0
62 silly idealTree +-- globals@8.18.0
62 silly idealTree +-- graceful-readlink@1.0.1
62 silly idealTree +-- har-validator@2.0.6
62 silly idealTree +-- has-ansi@2.0.0
62 silly idealTree +-- hawk@3.1.3
62 silly idealTree +-- history@3.2.1
62 silly idealTree +-- hoek@2.16.3
62 silly idealTree +-- hoist-non-react-statics@1.2.0
62 silly idealTree +-- home-or-tmp@1.0.0
62 silly idealTree +-- htmlparser2@3.9.1
62 silly idealTree +-- http-signature@1.1.1
62 silly idealTree +-- iconv-lite@0.4.13
62 silly idealTree +-- immutable@3.8.1
62 silly idealTree +-- inherits@2.0.3
62 silly idealTree +-- invariant@2.2.1
62 silly idealTree +-- is-finite@1.0.2
62 silly idealTree +-- is-my-json-valid@2.15.0
62 silly idealTree +-- is-property@1.0.2
62 silly idealTree +-- is-stream@1.1.0
62 silly idealTree +-- is-typedarray@1.0.0
62 silly idealTree +-- isarray@1.0.0
62 silly idealTree +-- isomorphic-fetch@2.2.1
62 silly idealTree +-- isstream@0.1.2
62 silly idealTree +-- jodid25519@1.0.2
62 silly idealTree +-- js-tokens@2.0.0
62 silly idealTree +-- jsbn@0.1.0
62 silly idealTree +-- jsdom@3.1.2
62 silly idealTree +-- jsesc@1.3.0
62 silly idealTree +-- json-schema@0.2.3
62 silly idealTree +-- json-stringify-safe@5.0.1
62 silly idealTree +-- json5@0.4.0
62 silly idealTree +-- jsonpointer@4.0.0
62 silly idealTree +-- jsprim@1.3.1
62 silly idealTree +-- levn@0.3.0
62 silly idealTree +-- lodash-es@4.16.4
62 silly idealTree +-- lodash@4.16.2
62 silly idealTree +-- loose-envify@1.2.0
62 silly idealTree | `-- js-tokens@1.0.3
62 silly idealTree +-- medium-editor@5.22.1
62 silly idealTree +-- mime-db@1.24.0
62 silly idealTree +-- mime-types@2.1.12
62 silly idealTree +-- minimist@1.2.0
62 silly idealTree +-- mkdirp@0.5.1
62 silly idealTree | `-- minimist@0.0.8
62 silly idealTree +-- ms@0.7.1
62 silly idealTree +-- nan@2.3.5
62 silly idealTree +-- node-fetch@1.6.3
62 silly idealTree +-- node-uuid@1.4.7
62 silly idealTree +-- number-is-nan@1.0.1
62 silly idealTree +-- nwmatcher@1.3.8
62 silly idealTree +-- oauth-sign@0.8.2
62 silly idealTree +-- object-assign@4.1.0
62 silly idealTree +-- optionator@0.8.2
62 silly idealTree +-- os-tmpdir@1.0.2
62 silly idealTree +-- parse5@1.3.1
62 silly idealTree +-- path-exists@1.0.0
62 silly idealTree +-- path-is-absolute@1.0.1
62 silly idealTree +-- pinkie-promise@2.0.1
62 silly idealTree +-- pinkie@2.0.4
62 silly idealTree +-- prelude-ls@1.1.2
62 silly idealTree +-- private@0.1.6
62 silly idealTree +-- process-nextick-args@1.0.7
62 silly idealTree +-- promise@7.1.1
62 silly idealTree +-- qs@6.2.1
62 silly idealTree +-- query-string@4.2.3
62 silly idealTree +-- rc-animate@2.3.1
62 silly idealTree +-- rc-tabs@5.8.3
62 silly idealTree +-- react-addons-pure-render-mixin@15.3.2
62 silly idealTree +-- react-autosuggest@6.0.4
62 silly idealTree +-- react-autowhatever@5.4.0
62 silly idealTree +-- react-bootstrap-typeahead@0.9.4
62 silly idealTree +-- react-breadcrumbs@1.3.16
62 silly idealTree +-- react-dom@15.3.2
62 silly idealTree +-- react-highlighter@0.3.3
62 silly idealTree +-- react-input-autosize@1.1.0
62 silly idealTree +-- react-onclickoutside@5.7.0
62 silly idealTree +-- react-redux@4.4.5
62 silly idealTree +-- react-router@2.8.1
62 silly idealTree | +-- history@2.1.2
62 silly idealTree | | `-- warning@2.1.0
62 silly idealTree | `-- query-string@3.0.3
62 silly idealTree +-- react-themeable@1.1.0
62 silly idealTree | `-- object-assign@3.0.0
62 silly idealTree +-- react@15.3.2
62 silly idealTree +-- reactable@0.14.0
62 silly idealTree +-- readable-stream@2.1.5
62 silly idealTree +-- redux@3.6.0
62 silly idealTree +-- regenerator-runtime@0.9.5
62 silly idealTree +-- repeating@1.1.3
62 silly idealTree +-- request@2.75.0
62 silly idealTree +-- section-iterator@2.0.0
62 silly idealTree +-- shallow-equal@1.0.0
62 silly idealTree +-- shebang-regex@1.0.0
62 silly idealTree +-- slash@1.0.0
62 silly idealTree +-- sntp@1.0.9
62 silly idealTree +-- source-map-support@0.4.3
62 silly idealTree +-- source-map@0.5.6
62 silly idealTree +-- sshpk@1.10.1
62 silly idealTree | `-- assert-plus@1.0.0
62 silly idealTree +-- strict-uri-encode@1.1.0
62 silly idealTree +-- string_decoder@0.10.31
62 silly idealTree +-- stringstream@0.0.5
62 silly idealTree +-- strip-ansi@3.0.1
62 silly idealTree +-- supports-color@2.0.0
62 silly idealTree +-- symbol-observable@1.0.2
62 silly idealTree +-- to-fast-properties@1.0.2
62 silly idealTree +-- to-markdown@1.3.0
62 silly idealTree +-- tough-cookie@2.3.1
62 silly idealTree +-- tunnel-agent@0.4.3
62 silly idealTree +-- tweetnacl@0.14.3
62 silly idealTree +-- type-check@0.3.2
62 silly idealTree +-- ua-parser-js@0.7.10
62 silly idealTree +-- user-home@1.1.1
62 silly idealTree +-- util-deprecate@1.0.2
62 silly idealTree +-- verror@1.3.6
62 silly idealTree +-- void-elements@2.0.1
62 silly idealTree +-- warning@3.0.0
62 silly idealTree +-- whatwg-fetch@1.0.0
62 silly idealTree +-- wordwrap@1.0.0
62 silly idealTree +-- xml-name-validator@1.0.0
62 silly idealTree +-- xmlhttprequest@1.8.0
62 silly idealTree `-- xtend@4.0.1
63 silly generateActionsToTake Starting
64 silly install generateActionsToTake
65 silly generateActionsToTake Finishing
66 silly diffTrees action count 1
67 silly diffTrees update bcrypt@0.8.7
68 silly decomposeActions action count 8
69 silly decomposeActions fetch bcrypt@0.8.7
70 silly decomposeActions extract bcrypt@0.8.7
71 silly decomposeActions test bcrypt@0.8.7
72 silly decomposeActions preinstall bcrypt@0.8.7
73 silly decomposeActions build bcrypt@0.8.7
74 silly decomposeActions install bcrypt@0.8.7
75 silly decomposeActions postinstall bcrypt@0.8.7
76 silly decomposeActions finalize bcrypt@0.8.7
77 silly runTopLevelLifecycles Starting
78 silly executeActions Starting
79 silly install executeActions
80 silly doSerial global-install 0
81 silly doParallel fetch 1
82 verbose correctMkdir C:\Users\Juha\AppData\Roaming\npm-cache\_locks correctMkdir not in flight; initializing
83 verbose lock using C:\Users\Juha\AppData\Roaming\npm-cache\_locks\staging-d740a5b91707b9f4.lock for C:\Users\Juha\workspace\entrylist\node_modules\.staging
84 silly doParallel extract 1
85 silly extract bcrypt@0.8.7
86 verbose unbuild node_modules\.staging\bcrypt-b6615c88
87 silly gentlyRm C:\Users\Juha\workspace\entrylist\node_modules\.staging\bcrypt-b6615c88 is being purged from base C:\Users\Juha\workspace\entrylist
88 verbose gentlyRm don't care about contents; nuking C:\Users\Juha\workspace\entrylist\node_modules\.staging\bcrypt-b6615c88
89 verbose tar unpack C:\Users\Juha\AppData\Roaming\npm-cache\bcrypt\0.8.7\package.tgz
90 verbose tar unpacking to C:\Users\Juha\workspace\entrylist\node_modules\.staging\bcrypt-b6615c88
91 silly gentlyRm C:\Users\Juha\workspace\entrylist\node_modules\.staging\bcrypt-b6615c88 is being purged
92 verbose gentlyRm don't care about contents; nuking C:\Users\Juha\workspace\entrylist\node_modules\.staging\bcrypt-b6615c88
93 silly gunzTarPerm modes [ '777', '666' ]
94 silly gunzTarPerm extractEntry package.json
95 silly gunzTarPerm modified mode [ 'package.json', 420, 438 ]
96 silly gunzTarPerm extractEntry .npmignore
97 silly gunzTarPerm modified mode [ '.npmignore', 420, 438 ]
98 silly gunzTarPerm extractEntry README.md
99 silly gunzTarPerm modified mode [ 'README.md', 420, 438 ]
100 silly gunzTarPerm extractEntry LICENSE
101 silly gunzTarPerm modified mode [ 'LICENSE', 420, 438 ]
102 silly gunzTarPerm extractEntry bcrypt.js
103 silly gunzTarPerm modified mode [ 'bcrypt.js', 420, 438 ]
104 silly gunzTarPerm extractEntry Makefile
105 silly gunzTarPerm modified mode [ 'Makefile', 420, 438 ]
106 silly gunzTarPerm extractEntry .travis.yml
107 silly gunzTarPerm modified mode [ '.travis.yml', 420, 438 ]
108 silly gunzTarPerm extractEntry CHANGELOG.md
109 silly gunzTarPerm modified mode [ 'CHANGELOG.md', 420, 438 ]
110 silly gunzTarPerm extractEntry binding.gyp
111 silly gunzTarPerm modified mode [ 'binding.gyp', 420, 438 ]
112 silly gunzTarPerm extractEntry examples/async_compare.js
113 silly gunzTarPerm modified mode [ 'examples/async_compare.js', 420, 438 ]
114 silly gunzTarPerm extractEntry examples/forever_gen_salt.js
115 silly gunzTarPerm modified mode [ 'examples/forever_gen_salt.js', 420, 438 ]
116 silly gunzTarPerm extractEntry test/async.js
117 silly gunzTarPerm modified mode [ 'test/async.js', 420, 438 ]
118 silly gunzTarPerm extractEntry test/repetitions.js
119 silly gunzTarPerm modified mode [ 'test/repetitions.js', 420, 438 ]
120 silly gunzTarPerm extractEntry test/sync.js
121 silly gunzTarPerm modified mode [ 'test/sync.js', 420, 438 ]
122 silly gunzTarPerm extractEntry ISSUE_TEMPLATE.md
123 silly gunzTarPerm modified mode [ 'ISSUE_TEMPLATE.md', 420, 438 ]
124 silly gunzTarPerm extractEntry src/bcrypt.cc
125 silly gunzTarPerm modified mode [ 'src/bcrypt.cc', 420, 438 ]
126 silly gunzTarPerm extractEntry src/bcrypt_node.cc
127 silly gunzTarPerm modified mode [ 'src/bcrypt_node.cc', 420, 438 ]
128 silly gunzTarPerm extractEntry src/blowfish.cc
129 silly gunzTarPerm modified mode [ 'src/blowfish.cc', 420, 438 ]
130 silly gunzTarPerm extractEntry src/node_blf.h
131 silly gunzTarPerm modified mode [ 'src/node_blf.h', 420, 438 ]
132 silly gunzTarPerm extractEntry werker.yml
133 silly gunzTarPerm modified mode [ 'werker.yml', 420, 438 ]
134 silly gentlyRm C:\Users\Juha\workspace\entrylist\node_modules\.staging\bcrypt-b6615c88\node_modules is being purged
135 verbose gentlyRm don't care about contents; nuking C:\Users\Juha\workspace\entrylist\node_modules\.staging\bcrypt-b6615c88\node_modules
136 silly doParallel preinstall 1
137 silly preinstall bcrypt@0.8.7 C:\Users\Juha\workspace\entrylist\node_modules\.staging\bcrypt-b6615c88
138 info lifecycle bcrypt@0.8.7~preinstall: bcrypt@0.8.7
139 silly lifecycle bcrypt@0.8.7~preinstall: no script for preinstall, continuing
140 silly doReverseSerial remove 0
141 silly doSerial move 0
142 silly doSerial finalize 1
143 silly finalize C:\Users\Juha\workspace\entrylist\node_modules\bcrypt
144 silly doSerial build 1
145 silly build bcrypt@0.8.7
146 info linkStuff bcrypt@0.8.7
147 silly linkStuff bcrypt@0.8.7 has C:\Users\Juha\workspace\entrylist\node_modules as its parent node_modules
148 verbose linkBins bcrypt@0.8.7
149 verbose linkMans bcrypt@0.8.7
150 silly doSerial global-link 0
151 silly doParallel update-linked 0
152 silly doSerial install 1
153 silly install bcrypt@0.8.7 C:\Users\Juha\workspace\entrylist\node_modules\.staging\bcrypt-b6615c88
154 info lifecycle bcrypt@0.8.7~install: bcrypt@0.8.7
155 verbose lifecycle bcrypt@0.8.7~install: unsafe-perm in lifecycle true
156 verbose lifecycle bcrypt@0.8.7~install: PATH: C:\Users\Juha\AppData\Local\.meteor\packages\meteor-tool\1.4.1_2\mt-os.windows.x86_32\dev_bundle\lib\node_modules\npm\bin\node-gyp-bin;C:\Users\Juha\workspace\entrylist\node_modules\bcrypt\node_modules\.bin;C:\Users\Juha\workspace\entrylist\node_modules\.bin;C:\Users\Juha\AppData\Local\.meteor\packages\meteor-tool\1.4.1_2\mt-os.windows.x86_32\dev_bundle\bin;C:\Users\Juha\AppData\Local\.meteor\packages\meteor-tool\1.4.1_2\mt-os.windows.x86_32\dev_bundle\lib\node_modules\.bin;C:\Program Files (x86)\PHP\v5.6;C:\WINDOWS\system32\inetsrv;C:\Program Files\PHP\v5.3;C:\WINDOWS\system32;C:\WINDOWS;C:\WINDOWS\System32\Wbem;C:\WINDOWS\System32\WindowsPowerShell\v1.0\;C:\Program Files (x86)\NVIDIA Corporation\PhysX\Common;C:\WINDOWS\system32;C:\WINDOWS;C:\WINDOWS\System32\Wbem;C:\WINDOWS\System32\WindowsPowerShell\v1.0\;C:\Program Files\nodejs\;C:\Users\Juha\AppData\Local\.meteor\;C:\Users\Juha\AppData\Local\atom\bin;C:\Users\Juha\AppData\Local\Microsoft\WindowsApps;C:\Users\Juha\AppData\Roaming\npm
157 verbose lifecycle bcrypt@0.8.7~install: CWD: C:\Users\Juha\workspace\entrylist\node_modules\bcrypt
158 silly lifecycle bcrypt@0.8.7~install: Args: [ '/d /s /c', 'node-gyp rebuild' ]
159 silly lifecycle bcrypt@0.8.7~install: Returned: code: 1  signal: null
160 info lifecycle bcrypt@0.8.7~install: Failed to exec install script
161 verbose unlock done using C:\Users\Juha\AppData\Roaming\npm-cache\_locks\staging-d740a5b91707b9f4.lock for C:\Users\Juha\workspace\entrylist\node_modules\.staging
162 silly rollbackFailedOptional Starting
163 silly rollbackFailedOptional Finishing
164 silly runTopLevelLifecycles Finishing
165 silly install printInstalled
166 verbose stack Error: bcrypt@0.8.7 install: `node-gyp rebuild`
166 verbose stack Exit status 1
166 verbose stack     at EventEmitter.<anonymous> (C:\Users\Juha\AppData\Local\.meteor\packages\meteor-tool\1.4.1_2\mt-os.windows.x86_32\dev_bundle\lib\node_modules\npm\lib\utils\lifecycle.js:255:16)
166 verbose stack     at emitTwo (events.js:87:13)
166 verbose stack     at EventEmitter.emit (events.js:172:7)
166 verbose stack     at ChildProcess.<anonymous> (C:\Users\Juha\AppData\Local\.meteor\packages\meteor-tool\1.4.1_2\mt-os.windows.x86_32\dev_bundle\lib\node_modules\npm\lib\utils\spawn.js:40:14)
166 verbose stack     at emitTwo (events.js:87:13)
166 verbose stack     at ChildProcess.emit (events.js:172:7)
166 verbose stack     at maybeClose (internal/child_process.js:829:16)
166 verbose stack     at Process.ChildProcess._handle.onexit (internal/child_process.js:211:5)
167 verbose pkgid bcrypt@0.8.7
168 verbose cwd C:\Users\Juha\workspace\entrylist
169 error Windows_NT 10.0.14393
170 error argv "C:\\Users\\Juha\\AppData\\Local\\.meteor\\packages\\meteor-tool\\1.4.1_2\\mt-os.windows.x86_32\\dev_bundle\\bin\\node.exe" "C:\\Users\\Juha\\AppData\\Local\\.meteor\\packages\\meteor-tool\\1.4.1_2\\mt-os.windows.x86_32\\dev_bundle\\lib\\node_modules\\npm\\bin\\npm-cli.js" "install" "--save" "bcrypt"
171 error node v4.6.0
172 error npm  v3.10.8
173 error code ELIFECYCLE
174 error bcrypt@0.8.7 install: `node-gyp rebuild`
174 error Exit status 1
175 error Failed at the bcrypt@0.8.7 install script 'node-gyp rebuild'.
175 error Make sure you have the latest version of node.js and npm installed.
175 error If you do, this is most likely a problem with the bcrypt package,
175 error not with npm itself.
175 error Tell the author that this fails on your system:
175 error     node-gyp rebuild
175 error You can get information on how to open an issue for this project with:
175 error     npm bugs bcrypt
175 error Or if that isn't available, you can get their info via:
175 error     npm owner ls bcrypt
175 error There is likely additional logging output above.
176 verbose exit [ 1, true ]
